<?xml version="1.0" encoding="UTF-8"?>
<!-- Generated by org.testng.reporters.JUnitReportReporter -->
<testsuite hostname="SwarnaPC" failures="0" tests="3" name="com.leafBot.testcases.TC001_LoginLogOut" time="40.988" errors="0" timestamp="01 Feb 2020 06:00:44 GMT" skipped="0">
  <testcase classname="com.leafBot.testcases.TC001_LoginLogOut" name="createLeaf" time="13.108"/>
  <testcase classname="com.leafBot.testcases.TC001_LoginLogOut" name="createLeaf" time="13.448"/>
  <testcase classname="com.leafBot.testcases.TC001_LoginLogOut" name="createLeaf" time="14.432"/>
</testsuite> <!-- com.leafBot.testcases.TC001_LoginLogOut -->
